2019-06-10 23:46:16 462 [Note] InnoDB: Using atomics to ref count buffer pool pages
2019-06-10 23:46:16 462 [Note] InnoDB: The InnoDB memory heap is disabled
2019-06-10 23:46:16 462 [Note] InnoDB: Mutexes and rw_locks use GCC atomic builtins
2019-06-10 23:46:16 462 [Note] InnoDB: Memory barrier is not used
2019-06-10 23:46:16 462 [Note] InnoDB: Compressed tables use zlib 1.2.11
2019-06-10 23:46:16 462 [Note] InnoDB: Using Linux native AIO
2019-06-10 23:46:16 462 [Note] InnoDB: Using CPU crc32 instructions
2019-06-10 23:46:16 462 [Note] InnoDB: Initializing buffer pool, size = 128.0M
2019-06-10 23:46:16 462 [Note] InnoDB: Completed initialization of buffer pool
2019-06-10 23:46:16 462 [Note] InnoDB: The first specified data file ./ibdata1 did not exist: a new database to be created!
2019-06-10 23:46:16 462 [Note] InnoDB: Setting file ./ibdata1 size to 12 MB
2019-06-10 23:46:16 462 [Note] InnoDB: Database physically writes the file full: wait...
2019-06-10 23:46:16 462 [Note] InnoDB: Setting log file ./ib_logfile101 size to 48 MB
2019-06-10 23:46:17 462 [Note] InnoDB: Setting log file ./ib_logfile1 size to 48 MB
2019-06-10 23:46:17 462 [Note] InnoDB: Renaming log file ./ib_logfile101 to ./ib_logfile0
2019-06-10 23:46:17 462 [Warning] InnoDB: New log files created, LSN=45781
2019-06-10 23:46:17 462 [Note] InnoDB: Doublewrite buffer not found: creating new
2019-06-10 23:46:17 462 [Note] InnoDB: Doublewrite buffer created
2019-06-10 23:46:17 462 [Note] InnoDB: 128 rollback segment(s) are active.
2019-06-10 23:46:17 462 [Warning] InnoDB: Creating foreign key constraint system tables.
2019-06-10 23:46:17 462 [Note] InnoDB: Foreign key constraint system tables created
2019-06-10 23:46:17 462 [Note] InnoDB: Creating tablespace and datafile system tables.
2019-06-10 23:46:17 462 [Note] InnoDB: Tablespace and datafile system tables created.
2019-06-10 23:46:17 462 [Note] InnoDB: Waiting for purge to start
2019-06-10 23:46:17 462 [Note] InnoDB: 5.6.44 started; log sequence number 0
2019-06-10 23:46:17 462 [Note] Binlog end
2019-06-10 23:46:17 462 [Note] InnoDB: FTS optimize thread exiting.
2019-06-10 23:46:17 462 [Note] InnoDB: Starting shutdown...
2019-06-10 23:46:19 462 [Note] InnoDB: Shutdown completed; log sequence number 1625977
2019-06-10 23:46:19 485 [Note] InnoDB: Using atomics to ref count buffer pool pages
2019-06-10 23:46:19 485 [Note] InnoDB: The InnoDB memory heap is disabled
2019-06-10 23:46:19 485 [Note] InnoDB: Mutexes and rw_locks use GCC atomic builtins
2019-06-10 23:46:19 485 [Note] InnoDB: Memory barrier is not used
2019-06-10 23:46:19 485 [Note] InnoDB: Compressed tables use zlib 1.2.11
2019-06-10 23:46:19 485 [Note] InnoDB: Using Linux native AIO
2019-06-10 23:46:19 485 [Note] InnoDB: Using CPU crc32 instructions
2019-06-10 23:46:19 485 [Note] InnoDB: Initializing buffer pool, size = 128.0M
2019-06-10 23:46:19 485 [Note] InnoDB: Completed initialization of buffer pool
2019-06-10 23:46:19 485 [Note] InnoDB: Highest supported file format is Barracuda.
2019-06-10 23:46:19 485 [Note] InnoDB: 128 rollback segment(s) are active.
2019-06-10 23:46:19 485 [Note] InnoDB: Waiting for purge to start
2019-06-10 23:46:19 485 [Note] InnoDB: 5.6.44 started; log sequence number 1625977
2019-06-10 23:46:19 485 [Note] Binlog end
2019-06-10 23:46:19 485 [Note] InnoDB: FTS optimize thread exiting.
2019-06-10 23:46:19 485 [Note] InnoDB: Starting shutdown...
2019-06-10 23:46:21 485 [Note] InnoDB: Shutdown completed; log sequence number 1625987
2019-06-10 23:46:21 510 [Note] Plugin 'FEDERATED' is disabled.
2019-06-10 23:46:21 510 [Note] InnoDB: Using atomics to ref count buffer pool pages
2019-06-10 23:46:21 510 [Note] InnoDB: The InnoDB memory heap is disabled
2019-06-10 23:46:21 510 [Note] InnoDB: Mutexes and rw_locks use GCC atomic builtins
2019-06-10 23:46:21 510 [Note] InnoDB: Memory barrier is not used
2019-06-10 23:46:21 510 [Note] InnoDB: Compressed tables use zlib 1.2.11
2019-06-10 23:46:21 510 [Note] InnoDB: Using Linux native AIO
2019-06-10 23:46:21 510 [Note] InnoDB: Using CPU crc32 instructions
2019-06-10 23:46:21 510 [Note] InnoDB: Initializing buffer pool, size = 128.0M
2019-06-10 23:46:21 510 [Note] InnoDB: Completed initialization of buffer pool
2019-06-10 23:46:21 510 [Note] InnoDB: Highest supported file format is Barracuda.
2019-06-10 23:46:21 510 [Note] InnoDB: 128 rollback segment(s) are active.
2019-06-10 23:46:21 510 [Note] InnoDB: Waiting for purge to start
2019-06-10 23:46:21 510 [Note] InnoDB: 5.6.44 started; log sequence number 1625987
2019-06-10 23:46:21 510 [Note] Binlog end
2019-06-10 23:46:21 510 [Note] InnoDB: FTS optimize thread exiting.
2019-06-10 23:46:21 510 [Note] InnoDB: Starting shutdown...
2019-06-10 23:46:23 510 [Note] InnoDB: Shutdown completed; log sequence number 1625997
